Determining if the pthread_create exist failed with the following output:
Change Dir: /home/hoangha/advancedhpc2017/labwork/build/CMakeFiles/CMakeTmp

Run Build Command:"/usr/bin/make" "cmTC_1a32e/fast"
/usr/bin/make -f CMakeFiles/cmTC_1a32e.dir/build.make CMakeFiles/cmTC_1a32e.dir/build
make[1]: Entering directory '/home/hoangha/advancedhpc2017/labwork/build/CMakeFiles/CMakeTmp'
Building C object CMakeFiles/cmTC_1a32e.dir/CheckSymbolExists.c.o
/usr/bin/cc    -fPIC    -o CMakeFiles/cmTC_1a32e.dir/CheckSymbolExists.c.o   -c /home/hoangha/advancedhpc2017/labwork/build/CMakeFiles/CMakeTmp/CheckSymbolExists.c
Linking C executable cmTC_1a32e
/usr/bin/cmake -E cmake_link_script CMakeFiles/cmTC_1a32e.dir/link.txt --verbose=1
/usr/bin/cc  -fPIC     CMakeFiles/cmTC_1a32e.dir/CheckSymbolExists.c.o  -o cmTC_1a32e -rdynamic 
CMakeFiles/cmTC_1a32e.dir/CheckSymbolExists.c.o: In function `main':
CheckSymbolExists.c:(.text+0x1b): undefined reference to `pthread_create'
collect2: error: ld returned 1 exit status
CMakeFiles/cmTC_1a32e.dir/build.make:97: recipe for target 'cmTC_1a32e' failed
make[1]: *** [cmTC_1a32e] Error 1
make[1]: Leaving directory '/home/hoangha/advancedhpc2017/labwork/build/CMakeFiles/CMakeTmp'
Makefile:126: recipe for target 'cmTC_1a32e/fast' failed
make: *** [cmTC_1a32e/fast] Error 2

File /home/hoangha/advancedhpc2017/labwork/build/CMakeFiles/CMakeTmp/CheckSymbolExists.c:
/* */
#include <pthread.h>

int main(int argc, char** argv)
{
  (void)argv;
#ifndef pthread_create
  return ((int*)(&pthread_create))[argc];
#else
  (void)argc;
  return 0;
#endif
}

Determining if the function pthread_create exists in the pthreads failed with the following output:
Change Dir: /home/hoangha/advancedhpc2017/labwork/build/CMakeFiles/CMakeTmp

Run Build Command:"/usr/bin/make" "cmTC_a650e/fast"
/usr/bin/make -f CMakeFiles/cmTC_a650e.dir/build.make CMakeFiles/cmTC_a650e.dir/build
make[1]: Entering directory '/home/hoangha/advancedhpc2017/labwork/build/CMakeFiles/CMakeTmp'
Building C object CMakeFiles/cmTC_a650e.dir/CheckFunctionExists.c.o
/usr/bin/cc    -fPIC -DCHECK_FUNCTION_EXISTS=pthread_create   -o CMakeFiles/cmTC_a650e.dir/CheckFunctionExists.c.o   -c /usr/share/cmake-3.7/Modules/CheckFunctionExists.c
Linking C executable cmTC_a650e
/usr/bin/cmake -E cmake_link_script CMakeFiles/cmTC_a650e.dir/link.txt --verbose=1
/usr/bin/cc  -fPIC -DCHECK_FUNCTION_EXISTS=pthread_create    CMakeFiles/cmTC_a650e.dir/CheckFunctionExists.c.o  -o cmTC_a650e -rdynamic -lpthreads 
/usr/bin/ld: cannot find -lpthreads
collect2: error: ld returned 1 exit status
CMakeFiles/cmTC_a650e.dir/build.make:97: recipe for target 'cmTC_a650e' failed
make[1]: *** [cmTC_a650e] Error 1
make[1]: Leaving directory '/home/hoangha/advancedhpc2017/labwork/build/CMakeFiles/CMakeTmp'
Makefile:126: recipe for target 'cmTC_a650e/fast' failed
make: *** [cmTC_a650e/fast] Error 2


